#
# A fatal error has been detected by the Java Runtime Environment:
#
#  EXCEPTION_ACCESS_VIOLATION (0xc0000005) at pc=0x00000000534682b5, pid=14980, tid=15576
#
# JRE version: Java(TM) SE Runtime Environment (8.0_45-b15) (build 1.8.0_45-b15)
# Java VM: Java HotSpot(TM) 64-Bit Server VM (25.45-b02 mixed mode windows-amd64 compressed oops)
# Problematic frame:
# V  [jvm.dll+0x1282b5]
#
# Failed to write core dump. Minidumps are not enabled by default on client versions of Windows
#
# If you would like to submit a bug report, please visit:
#   http://bugreport.java.com/bugreport/crash.jsp
#

---------------  T H R E A D  ---------------

Current thread (0x0000000017108000):  JavaThread "JDWP Transport Listener: dt_socket" daemon [_thread_in_vm, id=15576, stack(0x0000000018aa0000,0x0000000018ba0000)]

siginfo: ExceptionCode=0xc0000005, reading address 0xffffffffffffffff

Registers:
RAX=0x0000000018b9f301, RBX=0x0000000017108000, RCX=0x72747362412f6c69, RDX=0x0000000000000000
RSP=0x0000000018b9f350, RBP=0x72747362412f6c69, RSI=0x0000000018b9f468, RDI=0x0000000002248790
R8 =0x0000000017108000, R9 =0x0000000000008000, R10=0x00000000171077c0, R11=0x0000000018b9f5a1
R12=0x0000000000000000, R13=0x0000000017108b98, R14=0x0000000000000000, R15=0x0000000000000000
RIP=0x00000000534682b5, EFLAGS=0x0000000000010206

Top of Stack: (sp=0x0000000018b9f350)
0x0000000018b9f350:   0000000017108000 0000000017108000
0x0000000018b9f360:   0000000018b9f418 000000005366c7db
0x0000000018b9f370:   0000000017108000 000000005368903d
0x0000000018b9f380:   0000000000000000 0000000055fb9155
0x0000000018b9f390:   0000000019870730 0000000055fc291e
0x0000000018b9f3a0:   0000000017108000 0000000000000000
0x0000000018b9f3b0:   0000000000000000 0000000000000000
0x0000000018b9f3c0:   72747362412f6c69 0000000055fc1a15
0x0000000018b9f3d0:   0000000018b9f468 0000000018b9f440
0x0000000018b9f3e0:   0000000000000001 0000000019870730
0x0000000018b9f3f0:   72747362412f6c69 0000000055fa53b3
0x0000000018b9f400:   0000000018b9f530 0000000000000001
0x0000000018b9f410:   0000000000000001 0000000019870730
0x0000000018b9f420:   0000000000000002 0000000000000000
0x0000000018b9f430:   0000000000000000 0000000000000000
0x0000000018b9f440:   0000000000000001 0000000055fa5571 

Instructions: (pc=0x00000000534682b5)
0x0000000053468295:   cc cc cc cc cc cc cc cc cc cc cc 48 83 ec 28 48
0x00000000534682a5:   85 c9 75 07 33 c0 48 83 c4 28 c3 48 89 5c 24 20
0x00000000534682b5:   48 8b 19 48 85 db 74 20 48 83 fb 37 74 1a 48 8b
0x00000000534682c5:   13 48 8b cb ff 52 10 84 c0 74 0d 48 8b c3 48 8b 


Register to memory mapping:

RAX=0x0000000018b9f301 is pointing into the stack for thread: 0x0000000017108000
RBX=0x0000000017108000 is a thread
RCX=0x72747362412f6c69 is an unknown value
RDX=0x0000000000000000 is an unknown value
RSP=0x0000000018b9f350 is pointing into the stack for thread: 0x0000000017108000
RBP=0x72747362412f6c69 is an unknown value
RSI=0x0000000018b9f468 is pointing into the stack for thread: 0x0000000017108000
RDI=0x0000000002248790 is an unknown value
R8 =0x0000000017108000 is a thread
R9 =0x0000000000008000 is an unknown value
R10=0x00000000171077c0 is an unknown value
R11=0x0000000018b9f5a1 is pointing into the stack for thread: 0x0000000017108000
R12=0x0000000000000000 is an unknown value
R13=0x0000000017108b98 is an unknown value
R14=0x0000000000000000 is an unknown value
R15=0x0000000000000000 is an unknown value


Stack: [0x0000000018aa0000,0x0000000018ba0000],  sp=0x0000000018b9f350,  free space=1020k
Native frames: (J=compiled Java code, j=interpreted, Vv=VM code, C=native code)
V  [jvm.dll+0x1282b5]
V  [jvm.dll+0x34903d]
C  [jdwp.dll+0x21a15]
C  [jdwp.dll+0x53b3]
C  [jdwp.dll+0x5571]
C  [jdwp.dll+0xf0a8]
C  [jdwp.dll+0x1f2d5]
C  [jdwp.dll+0x1f4aa]
V  [jvm.dll+0x1bae98]
V  [jvm.dll+0x241984]
V  [jvm.dll+0x29853a]
C  [msvcr100.dll+0x21d9f]
C  [msvcr100.dll+0x21e3b]
C  [KERNEL32.DLL+0x12774]
C  [ntdll.dll+0x70d51]


---------------  P R O C E S S  ---------------

Java Threads: ( => current thread )
  0x00000000190f4800 JavaThread "Service Thread" daemon [_thread_blocked, id=2708, stack(0x00000000194a0000,0x00000000195a0000)]
  0x0000000017125000 JavaThread "C1 CompilerThread2" daemon [_thread_blocked, id=15892, stack(0x0000000018fa0000,0x00000000190a0000)]
  0x0000000017121000 JavaThread "C2 CompilerThread1" daemon [_thread_blocked, id=1044, stack(0x0000000018ea0000,0x0000000018fa0000)]
  0x000000001711d000 JavaThread "C2 CompilerThread0" daemon [_thread_blocked, id=14764, stack(0x0000000018da0000,0x0000000018ea0000)]
  0x000000001711b800 JavaThread "JDWP Command Reader" daemon [_thread_in_native, id=10904, stack(0x0000000018ca0000,0x0000000018da0000)]
  0x000000001710d800 JavaThread "JDWP Event Helper Thread" daemon [_thread_blocked, id=4008, stack(0x0000000018ba0000,0x0000000018ca0000)]
=>0x0000000017108000 JavaThread "JDWP Transport Listener: dt_socket" daemon [_thread_in_vm, id=15576, stack(0x0000000018aa0000,0x0000000018ba0000)]
  0x00000000170f5000 JavaThread "Attach Listener" daemon [_thread_blocked, id=3660, stack(0x0000000018660000,0x0000000018760000)]
  0x00000000170f4000 JavaThread "Signal Dispatcher" daemon [_thread_blocked, id=5076, stack(0x0000000018560000,0x0000000018660000)]
  0x000000000258c800 JavaThread "Finalizer" daemon [_thread_blocked, id=2868, stack(0x0000000018360000,0x0000000018460000)]
  0x0000000002583800 JavaThread "Reference Handler" daemon [_thread_blocked, id=8272, stack(0x0000000018260000,0x0000000018360000)]
  0x0000000002496000 JavaThread "main" [_thread_blocked, id=15476, stack(0x0000000002390000,0x0000000002490000)]

Other Threads:
  0x00000000170b7800 VMThread [stack: 0x0000000018160000,0x0000000018260000] [id=7888]
  0x00000000190d4800 WatcherThread [stack: 0x00000000195a0000,0x00000000196a0000] [id=6936]

VM state:not at safepoint (normal execution)

VM Mutex/Monitor currently owned by a thread: None

Heap:
 PSYoungGen      total 38400K, used 28722K [0x00000000d5d00000, 0x00000000d8780000, 0x0000000100000000)
  eden space 33280K, 86% used [0x00000000d5d00000,0x00000000d790c858,0x00000000d7d80000)
  from space 5120K, 0% used [0x00000000d8280000,0x00000000d8280000,0x00000000d8780000)
  to   space 5120K, 0% used [0x00000000d7d80000,0x00000000d7d80000,0x00000000d8280000)
 ParOldGen       total 87552K, used 0K [0x0000000081600000, 0x0000000086b80000, 0x00000000d5d00000)
  object space 87552K, 0% used [0x0000000081600000,0x0000000081600000,0x0000000086b80000)
 Metaspace       used 6209K, capacity 7274K, committed 7424K, reserved 1056768K
  class space    used 645K, capacity 651K, committed 768K, reserved 1048576K

Card table byte_map: [0x0000000011950000,0x0000000011d50000] byte_map_base: 0x0000000011545000

Marking Bits: (ParMarkBitMap*) 0x0000000053b44040
 Begin Bits: [0x0000000012400000, 0x00000000143a8000)
 End Bits:   [0x00000000143a8000, 0x0000000016350000)

Polling page: 0x00000000009b0000

CodeCache: size=245760Kb used=1413Kb max_used=1426Kb free=244346Kb
 bounds [0x0000000002590000, 0x0000000002800000, 0x0000000011590000]
 total_blobs=414 nmethods=149 adapters=186
 compilation: enabled

Compilation events (10 events):
Event: 11.900 Thread 0x0000000017125000 nmethod 145 0x00000000026f04d0 code [0x00000000026f0640, 0x00000000026f08d0]
Event: 11.900 Thread 0x0000000017125000  146       3       sun.misc.FDBigInteger::<init> (30 bytes)
Event: 11.900 Thread 0x0000000017125000 nmethod 146 0x00000000026f0050 code [0x00000000026f01c0, 0x00000000026f03e8]
Event: 11.900 Thread 0x0000000017125000  147       3       sun.misc.FDBigInteger::trimLeadingZeros (57 bytes)
Event: 11.900 Thread 0x0000000017125000 nmethod 147 0x00000000026efa90 code [0x00000000026efc00, 0x00000000026eff30]
Event: 11.902 Thread 0x0000000017121000 nmethod 144% 0x00000000026f3550 code [0x00000000026f36a0, 0x00000000026f3b98]
Event: 468.199 Thread 0x0000000017125000  148       1       java.nio.Buffer::position (5 bytes)
Event: 468.199 Thread 0x0000000017125000 nmethod 148 0x00000000026ef7d0 code [0x00000000026ef920, 0x00000000026efa30]
Event: 468.199 Thread 0x000000001711d000  149       4       java.lang.StringBuilder::append (8 bytes)
Event: 468.207 Thread 0x000000001711d000 nmethod 149 0x00000000026eec50 code [0x00000000026eedc0, 0x00000000026ef2a8]

GC Heap History (0 events):
No events

Deoptimization events (1 events):
Event: 0.201 Thread 0x0000000002496000 Uncommon trap: reason=unstable_if action=reinterpret pc=0x000000000269bf5c method=java.lang.String.hashCode()I @ 14

Internal exceptions (2 events):
Event: 0.034 Thread 0x0000000002496000 Exception <a 'java/lang/NoSuchMethodError': Method sun.misc.Unsafe.defineClass(Ljava/lang/String;[BII)Ljava/lang/Class; name or signature does not match> (0x00000000d5d12348) thrown at [C:\re\workspace\8-2-build-windows-amd64-cygwin\jdk8u45\3627\hotspot\srÑ‘FJS8¡?
Event: 0.034 Thread 0x0000000002496000 Exception <a 'java/lang/NoSuchMethodError': Method sun.misc.Unsafe.prefetchRead(Ljava/lang/Object;J)V name or signature does not match> (0x00000000d5d125d8) thrown at [C:\re\workspace\8-2-build-windows-amd64-cygwin\jdk8u45\3627\hotspot\src\share\vm\prims\j

Events (10 events):
Event: 2906.590 Executing VM operation: ChangeBreakpoints
Event: 2906.590 Executing VM operation: ChangeBreakpoints done
Event: 3341.402 Executing VM operation: ChangeBreakpoints
Event: 3341.402 Executing VM operation: ChangeBreakpoints done
Event: 3341.402 Executing VM operation: ChangeBreakpoints
Event: 3341.402 Executing VM operation: ChangeBreakpoints done
Event: 3341.403 Executing VM operation: ChangeBreakpoints
Event: 3341.403 Executing VM operation: ChangeBreakpoints done
Event: 3341.425 Executing VM operation: RedefineClasses
Event: 3341.426 Executing VM operation: RedefineClasses done


Dynamic libraries:
0x00007ff66b4d0000 - 0x00007ff66b507000 	D:\jdk1.8.0_45\bin\javaw.exe
0x00007ffc26460000 - 0x00007ffc2663b000 	C:\WINDOWS\SYSTEM32\ntdll.dll
0x00007ffc25210000 - 0x00007ffc252be000 	C:\WINDOWS\System32\KERNEL32.DLL
0x00007ffc22ee0000 - 0x00007ffc23129000 	C:\WINDOWS\System32\KERNELBASE.dll
0x00007ffc25330000 - 0x00007ffc253d1000 	C:\WINDOWS\System32\ADVAPI32.dll
0x00007ffc25970000 - 0x00007ffc25a0d000 	C:\WINDOWS\System32\msvcrt.dll
0x00007ffc25ad0000 - 0x00007ffc25b29000 	C:\WINDOWS\System32\sechost.dll
0x00007ffc25ef0000 - 0x00007ffc26015000 	C:\WINDOWS\System32\RPCRT4.dll
0x00007ffc25b90000 - 0x00007ffc25cda000 	C:\WINDOWS\System32\USER32.dll
0x00007ffc22a90000 - 0x00007ffc22aae000 	C:\WINDOWS\System32\win32u.dll
0x00007ffc25aa0000 - 0x00007ffc25ac7000 	C:\WINDOWS\System32\GDI32.dll
0x00007ffc23830000 - 0x00007ffc239b7000 	C:\WINDOWS\System32\gdi32full.dll
0x00007ffc22e40000 - 0x00007ffc22eda000 	C:\WINDOWS\System32\msvcp_win.dll
0x00007ffc22b20000 - 0x00007ffc22c16000 	C:\WINDOWS\System32\ucrtbase.dll
0x00007ffc1ad10000 - 0x00007ffc1af77000 	C:\WINDOWS\WinSxS\amd64_microsoft.windows.common-controls_6595b64144ccf1df_6.0.15063.483_none_26002d27e7c744a2\COMCTL32.dll
0x00007ffc260d0000 - 0x00007ffc263c9000 	C:\WINDOWS\System32\combase.dll
0x00007ffc22ab0000 - 0x00007ffc22b1a000 	C:\WINDOWS\System32\bcryptPrimitives.dll
0x00007ffc25a70000 - 0x00007ffc25a9d000 	C:\WINDOWS\System32\IMM32.DLL
0x00000000549c0000 - 0x0000000054a92000 	D:\jdk1.8.0_45\jre\bin\msvcr100.dll
0x0000000053340000 - 0x0000000053bc3000 	D:\jdk1.8.0_45\jre\bin\server\jvm.dll
0x00007ffc263d0000 - 0x00007ffc263d8000 	C:\WINDOWS\System32\PSAPI.DLL
0x00007ffc1a6c0000 - 0x00007ffc1a6c9000 	C:\WINDOWS\SYSTEM32\WSOCK32.dll
0x00007ffc20bf0000 - 0x00007ffc20c13000 	C:\WINDOWS\SYSTEM32\WINMM.dll
0x00007ffc1d8b0000 - 0x00007ffc1d8ba000 	C:\WINDOWS\SYSTEM32\VERSION.dll
0x00007ffc239e0000 - 0x00007ffc23a4c000 	C:\WINDOWS\System32\WS2_32.dll
0x00007ffc20bc0000 - 0x00007ffc20beb000 	C:\WINDOWS\SYSTEM32\winmmbase.dll
0x00007ffc22df0000 - 0x00007ffc22e39000 	C:\WINDOWS\System32\cfgmgr32.dll
0x00000000561e0000 - 0x00000000561ef000 	D:\jdk1.8.0_45\jre\bin\verify.dll
0x00000000560c0000 - 0x00000000560e9000 	D:\jdk1.8.0_45\jre\bin\java.dll
0x0000000055fa0000 - 0x0000000055fd5000 	D:\jdk1.8.0_45\jre\bin\jdwp.dll
0x0000000055f90000 - 0x0000000055f98000 	D:\jdk1.8.0_45\jre\bin\npt.dll
0x00000000561c0000 - 0x00000000561d6000 	D:\jdk1.8.0_45\jre\bin\zip.dll
0x00007ffc23a50000 - 0x00007ffc24e87000 	C:\WINDOWS\System32\SHELL32.dll
0x00007ffc26020000 - 0x00007ffc260ca000 	C:\WINDOWS\System32\shcore.dll
0x00007ffc23130000 - 0x00007ffc23821000 	C:\WINDOWS\System32\windows.storage.dll
0x00007ffc25b30000 - 0x00007ffc25b81000 	C:\WINDOWS\System32\shlwapi.dll
0x00007ffc22960000 - 0x00007ffc22971000 	C:\WINDOWS\System32\kernel.appcore.dll
0x00007ffc228d0000 - 0x00007ffc2291c000 	C:\WINDOWS\System32\powrprof.dll
0x00007ffc22920000 - 0x00007ffc22935000 	C:\WINDOWS\System32\profapi.dll
0x0000000055f80000 - 0x0000000055f89000 	D:\jdk1.8.0_45\jre\bin\dt_socket.dll
0x00007ffc130e0000 - 0x00007ffc130f6000 	C:\WINDOWS\system32\napinsp.dll
0x00007ffc12770000 - 0x00007ffc1278a000 	C:\WINDOWS\system32\pnrpnsp.dll
0x00007ffc1f770000 - 0x00007ffc1f788000 	C:\WINDOWS\system32\NLAapi.dll
0x00007ffc221e0000 - 0x00007ffc2223c000 	C:\WINDOWS\System32\mswsock.dll
0x00007ffc21fd0000 - 0x00007ffc22074000 	C:\WINDOWS\SYSTEM32\DNSAPI.dll
0x00007ffc25200000 - 0x00007ffc25208000 	C:\WINDOWS\System32\NSI.dll
0x00007ffc21f20000 - 0x00007ffc21f57000 	C:\WINDOWS\SYSTEM32\IPHLPAPI.DLL
0x00007ffc12460000 - 0x00007ffc1246e000 	C:\WINDOWS\System32\winrnr.dll
0x00007ffc11280000 - 0x00007ffc11295000 	C:\WINDOWS\System32\wshbth.dll
0x00007ffc19a40000 - 0x00007ffc19aab000 	C:\WINDOWS\System32\fwpuclnt.dll
0x00007ffc22490000 - 0x00007ffc224b5000 	C:\WINDOWS\SYSTEM32\bcrypt.dll
0x00007ffc12060000 - 0x00007ffc1206a000 	C:\Windows\System32\rasadhlp.dll
0x00000000560a0000 - 0x00000000560ba000 	D:\jdk1.8.0_45\jre\bin\net.dll
0x0000000055f20000 - 0x0000000055f31000 	D:\jdk1.8.0_45\jre\bin\nio.dll
0x00007ffc110a0000 - 0x00007ffc11249000 	C:\WINDOWS\SYSTEM32\dbghelp.dll

VM Arguments:
jvm_args: -agentlib:jdwp=transport=dt_socket,suspend=y,address=localhost:64839 -Dfile.encoding=UTF-8 
java_command: com.identity.manager.test.util.UserUtil
java_class_path (initial): C:\Users\maheshs1\View\git-dev\IDM-Repository\identityManager\target\test-classes;C:\Users\maheshs1\View\git-dev\IDM-Repository\identityManager\target\classes;C:\Users\maheshs1\.m2\repository\org\springframework\boot\spring-boot-starter-thymeleaf\1.5.7.RELEASE\spring-boot-starter-thymeleaf-1.5.7.RELEASE.jar;C:\Users\maheshs1\.m2\repository\org\springframework\boot\spring-boot-starter\1.5.7.RELEASE\spring-boot-starter-1.5.7.RELEASE.jar;C:\Users\maheshs1\.m2\repository\org\springframework\boot\spring-boot\1.5.7.RELEASE\spring-boot-1.5.7.RELEASE.jar;C:\Users\maheshs1\.m2\repository\org\springframework\boot\spring-boot-autoconfigure\1.5.7.RELEASE\spring-boot-autoconfigure-1.5.7.RELEASE.jar;C:\Users\maheshs1\.m2\repository\org\springframework\boot\spring-boot-starter-logging\1.5.7.RELEASE\spring-boot-starter-logging-1.5.7.RELEASE.jar;C:\Users\maheshs1\.m2\repository\org\slf4j\jul-to-slf4j\1.7.25\jul-to-slf4j-1.7.25.jar;C:\Users\maheshs1\.m2\repository\org\slf4j\log4j-over-slf4j\1.7.25\log4j-over-slf4j-1.7.25.jar;C:\Users\maheshs1\.m2\repository\org\yaml\snakeyaml\1.17\snakeyaml-1.17.jar;C:\Users\maheshs1\.m2\repository\org\thymeleaf\thymeleaf-spring4\2.1.5.RELEASE\thymeleaf-spring4-2.1.5.RELEASE.jar;C:\Users\maheshs1\.m2\repository\nz\net\ultraq\thymeleaf\thymeleaf-layout-dialect\1.4.0\thymeleaf-layout-dialect-1.4.0.jar;C:\Users\maheshs1\.m2\repository\org\codehaus\groovy\groovy\2.4.12\groovy-2.4.12.jar;C:\Users\maheshs1\.m2\repository\org\springframework\boot\spring-boot-starter-web\1.5.7.RELEASE\spring-boot-starter-web-1.5.7.RELEASE.jar;C:\Users\maheshs1\.m2\repository\org\springframework\boot\spring-boot-starter-tomcat\1.5.7.RELEASE\spring-boot-starter-tomcat-1.5.7.RELEASE.jar;C:\Users\maheshs1\.m2\repository\org\apache\tomcat\embed\tomcat-embed-core\8.5.20\tomcat-embed-core-8.5.20.jar;C:\Users\maheshs1\.m2\repository\org\apache\tomcat\embed\tomcat-embed-el\8.5.20\tomcat-embed-el-8.5.20.jar;C:\Users\maheshs1\.m2\repository\org\apache\tomca
Launcher Type: SUN_STANDARD

Environment Variables:
JAVA_HOME=D:\jdk1.8.0_45
PATH=D:\jdk1.8.0_45\jre\bin;D:/jdk1.8.0_45/bin/../jre/bin/server;D:/jdk1.8.0_45/bin/../jre/bin;D:/jdk1.8.0_45/bin/../jre/lib/amd64;C:\Program Files (x86)\Intel\iCLS Client\;C:\Program Files\Intel\iCLS Client\;C:\Windows\system32;C:\Windows;C:\Windows\System32\Wbem;C:\Windows\System32\WindowsPowerShell\v1.0\;C:\Program Files (x86)\Intel\Intel(R) Management Engine Components\DAL;C:\Program Files\Intel\Intel(R) Management Engine Components\DAL;C:\Program Files (x86)\Intel\Intel(R) Management Engine Components\IPT;C:\Program Files\Intel\Intel(R) Management Engine Components\IPT;C:\Program Files (x86)\NVIDIA Corporation\PhysX\Common;C:\WINDOWS\system32;C:\WINDOWS;C:\WINDOWS\System32\Wbem;C:\WINDOWS\System32\WindowsPowerShell\v1.0\;D:\jdk1.8.0_45\bin;D:\jdk1.8.0_45\jre;D:\apache-maven-3.2.3\bin;C:\Program Files (x86)\MySQL\MySQL Utilities 1.4.4\;C:\Program Files (x86)\MySQL\MySQL Utilities 1.4.4\Doctrine extensions for PHP\;C:\Program Files\Git\cmd;C:\Users\maheshs1\AppData\Local\Microsoft\WindowsApps;C:\Users\maheshs1\AppData\Local\GitHubDesktop\bin;L:\workspaces\sts-bundle\sts-3.8.4.RELEASE;
USERNAME=maheshs1
OS=Windows_NT
PROCESSOR_IDENTIFIER=Intel64 Family 6 Model 78 Stepping 3, GenuineIntel



---------------  S Y S T E M  ---------------

OS: Windows 10.0 , 64 bit Build 15063 (10.0.15063.296)

CPU:total 4 (2 cores per cpu, 2 threads per core) family 6 model 78 stepping 3, cmov, cx8, fxsr, mmx, sse, sse2, sse3, ssse3, sse4.1, sse4.2, popcnt, avx, avx2, aes, clmul, erms, 3dnowpref, lzcnt, ht, tsc, tscinvbit, bmi1, bmi2, adx

Memory: 4k page, physical 8292256k(3429252k free), swap 13272992k(5117360k free)

vm_info: Java HotSpot(TM) 64-Bit Server VM (25.45-b02) for windows-amd64 JRE (1.8.0_45-b15), built on Apr 30 2015 12:40:44 by "java_re" with MS VC++ 10.0 (VS2010)

time: Sun Nov 26 06:01:03 2017
elapsed time: 3341 seconds (0d 0h 55m 41s)

